<<<<<<< HEAD

1 verbose cli [ '/usr/local/bin/node',
1 verbose cli   '/usr/local/bin/npm',
1 verbose cli   'run',
1 verbose cli   'development' ]
2 info using npm@3.10.9
3 info using node@v6.9.2
4 verbose stack Error: missing script: development
4 verbose stack     at run (/usr/local/lib/node_modules/npm/lib/run-script.js:151:19)
4 verbose stack     at /usr/local/lib/node_modules/npm/lib/run-script.js:61:5
4 verbose stack     at /usr/local/lib/node_modules/npm/node_modules/read-package-json/read-json.js:356:5
4 verbose stack     at checkBinReferences_ (/usr/local/lib/node_modules/npm/node_modules/read-package-json/read-json.js:320:45)
4 verbose stack     at final (/usr/local/lib/node_modules/npm/node_modules/read-package-json/read-json.js:354:3)
4 verbose stack     at then (/usr/local/lib/node_modules/npm/node_modules/read-package-json/read-json.js:124:5)
4 verbose stack     at /usr/local/lib/node_modules/npm/node_modules/read-package-json/read-json.js:243:12
4 verbose stack     at /usr/local/lib/node_modules/npm/node_modules/graceful-fs/graceful-fs.js:78:16
4 verbose stack     at tryToString (fs.js:455:3)
4 verbose stack     at FSReqWrap.readFileAfterClose [as oncomplete] (fs.js:442:12)
5 verbose cwd /Users/gerardoparra/Documents/School/clubs/hsa/bodysync/backend
6 error Darwin 16.4.0
7 error argv "/usr/local/bin/node" "/usr/local/bin/npm" "run" "development"
8 error node v6.9.2
9 error npm  v3.10.9
10 error missing script: development
11 error If you need help, you may report this error at:
11 error     <https://github.com/npm/npm/issues>
12 verbose exit [ 1, true ]
=======
0 info it worked if it ends with ok
1 verbose cli [ '/usr/local/Cellar/node/7.4.0/bin/node',
1 verbose cli   '/usr/local/bin/npm',
1 verbose cli   'start' ]
2 info using npm@4.0.5
3 info using node@v7.4.0
4 verbose run-script [ 'prestart', 'start', 'poststart' ]
5 info lifecycle bodysync-backend-api@0.0.0~prestart: bodysync-backend-api@0.0.0
6 silly lifecycle bodysync-backend-api@0.0.0~prestart: no script for prestart, continuing
7 info lifecycle bodysync-backend-api@0.0.0~start: bodysync-backend-api@0.0.0
8 verbose lifecycle bodysync-backend-api@0.0.0~start: unsafe-perm in lifecycle true
9 verbose lifecycle bodysync-backend-api@0.0.0~start: PATH: /usr/local/lib/node_modules/npm/bin/node-gyp-bin:/Users/hsadev2/WebstormProjects/bodysync1/backend/node_modules/.bin:/Users/hsadev2/.rbenv/shims:/Users/hsadev2/.rbenv/shims:/usr/local/bin:/usr/bin:/bin:/usr/sbin:/sbin
10 verbose lifecycle bodysync-backend-api@0.0.0~start: CWD: /Users/hsadev2/WebstormProjects/bodysync1/backend
11 silly lifecycle bodysync-backend-api@0.0.0~start: Args: [ '-c', 'node ./bin/www' ]
12 silly lifecycle bodysync-backend-api@0.0.0~start: Returned: code: 1  signal: null
13 info lifecycle bodysync-backend-api@0.0.0~start: Failed to exec start script
14 verbose stack Error: bodysync-backend-api@0.0.0 start: `node ./bin/www`
14 verbose stack Exit status 1
14 verbose stack     at EventEmitter.<anonymous> (/usr/local/lib/node_modules/npm/lib/utils/lifecycle.js:279:16)
14 verbose stack     at emitTwo (events.js:106:13)
14 verbose stack     at EventEmitter.emit (events.js:191:7)
14 verbose stack     at ChildProcess.<anonymous> (/usr/local/lib/node_modules/npm/lib/utils/spawn.js:40:14)
14 verbose stack     at emitTwo (events.js:106:13)
14 verbose stack     at ChildProcess.emit (events.js:191:7)
14 verbose stack     at maybeClose (internal/child_process.js:885:16)
14 verbose stack     at Process.ChildProcess._handle.onexit (internal/child_process.js:226:5)
15 verbose pkgid bodysync-backend-api@0.0.0
16 verbose cwd /Users/hsadev2/WebstormProjects/bodysync1/backend
17 error Darwin 16.4.0
18 error argv "/usr/local/Cellar/node/7.4.0/bin/node" "/usr/local/bin/npm" "start"
19 error node v7.4.0
20 error npm  v4.0.5
21 error code ELIFECYCLE
22 error bodysync-backend-api@0.0.0 start: `node ./bin/www`
22 error Exit status 1
23 error Failed at the bodysync-backend-api@0.0.0 start script 'node ./bin/www'.
23 error Make sure you have the latest version of node.js and npm installed.
23 error If you do, this is most likely a problem with the bodysync-backend-api package,
23 error not with npm itself.
23 error Tell the author that this fails on your system:
23 error     node ./bin/www
23 error You can get information on how to open an issue for this project with:
23 error     npm bugs bodysync-backend-api
23 error Or if that isn't available, you can get their info via:
23 error     npm owner ls bodysync-backend-api
23 error There is likely additional logging output above.
24 verbose exit [ 1, true ]
>>>>>>> d0977b3585360086e07b704ec4b4b97d97b98964
